<?xml version="1.0" encoding="UTF-8"?>
<!-- Generated by org.testng.reporters.JUnitXMLReporter -->
<testsuite ignored="0" hostname="LAPTOP-JFJU5IPG" failures="0" tests="7" name="Default test" time="3.63" errors="0" timestamp="21 Jan 2022 15:35:22 GMT">
  <testcase classname="com.education.LibraryAPI.DynamicJson" name="addBook" time="2.614"/>
  <testcase classname="com.education.LibraryAPI.DynamicJson" name="addBook" time="0.198"/>
  <testcase classname="com.education.LibraryAPI.DynamicJson" name="addBook" time="0.172"/>
  <testcase classname="com.education.LibraryAPI.DynamicJson" name="deleteBook" time="0.176"/>
  <testcase classname="com.education.LibraryAPI.DynamicJson" name="deleteBook" time="0.157"/>
  <testcase classname="com.education.LibraryAPI.DynamicJson" name="deleteBook" time="0.109"/>
  <testcase classname="com.education.LibraryAPI.DynamicJson" name="addPlaceWithJSONFile" time="0.148"/>
</testsuite> <!-- Default test -->
