# JRE version: OpenJDK Runtime Environment Temurin-17.0.1+12 (17.0.1+12) (build 17.0.1+12)
# Java VM: OpenJDK 64-Bit Server VM Temurin-17.0.1+12 (17.0.1+12, mixed mode, tiered, compressed oops, compressed class ptrs, g1 gc, windows-amd64)
GC Precious Log:
 CPUs: 4 total, 4 available
 Memory: 3834M
 Large Page Support: Disabled
 NUMA Support: Disabled
 Compressed Oops: Enabled (32-bit)
 Heap Region Size: 1M
 Heap Min Capacity: 8M
 Heap Initial Capacity: 60M
 Heap Max Capacity: 960M
 Pre-touch: Disabled
 Parallel Workers: 4
 Concurrent Workers: 1
 Concurrent Refinement Workers: 4
 Periodic GC: Disabled
Heap:
 garbage-first heap   total 51200K, used 36444K [0x00000000c4000000, 0x0000000100000000)
  region size 1024K, 18 young (18432K), 2 survivors (2048K)
 Metaspace       used 32387K, committed 33024K, reserved 1081344K
  class space    used 3732K, committed 4032K, reserved 1048576K
GC Heap History (14 events):
Event: 0.637 GC heap before
{Heap before GC invocations=0 (full 0):
 garbage-first heap   total 61440K, used 12288K [0x00000000c4000000, 0x0000000100000000)
  region size 1024K, 13 young (13312K), 0 survivors (0K)
 Metaspace       used 10863K, committed 11008K, reserved 1064960K
  class space    used 976K, committed 1088K, reserved 1048576K
}
Event: 0.641 GC heap after
{Heap after GC invocations=1 (full 0):
 garbage-first heap   total 61440K, used 3650K [0x00000000c4000000, 0x0000000100000000)
  region size 1024K, 2 young (2048K), 2 survivors (2048K)
 Metaspace       used 10863K, committed 11008K, reserved 1064960K
  class space    used 976K, committed 1088K, reserved 1048576K
}
Event: 1.044 GC heap before
{Heap before GC invocations=1 (full 0):
 garbage-first heap   total 61440K, used 15938K [0x00000000c4000000, 0x0000000100000000)
  region size 1024K, 15 young (15360K), 2 survivors (2048K)
 Metaspace       used 14538K, committed 14784K, reserved 1064960K
  class space    used 1367K, committed 1472K, reserved 1048576K
}
Event: 1.050 GC heap after
{Heap after GC invocations=2 (full 0):
 garbage-first heap   total 61440K, used 5796K [0x00000000c4000000, 0x0000000100000000)
  region size 1024K, 2 young (2048K), 2 survivors (2048K)
 Metaspace       used 14538K, committed 14784K, reserved 1064960K
  class space    used 1367K, committed 1472K, reserved 1048576K
}
Event: 1.410 GC heap before
{Heap before GC invocations=2 (full 0):
 garbage-first heap   total 61440K, used 30372K [0x00000000c4000000, 0x0000000100000000)
  region size 1024K, 24 young (24576K), 2 survivors (2048K)
 Metaspace       used 16634K, committed 16768K, reserved 1064960K
  class space    used 1534K, committed 1600K, reserved 1048576K
}
Event: 1.419 GC heap after
{Heap after GC invocations=3 (full 0):
 garbage-first heap   total 61440K, used 8055K [0x00000000c4000000, 0x0000000100000000)
  region size 1024K, 3 young (3072K), 3 survivors (3072K)
 Metaspace       used 16634K, committed 16768K, reserved 1064960K
  class space    used 1534K, committed 1600K, reserved 1048576K
}
Event: 1.784 GC heap before
{Heap before GC invocations=3 (full 0):
 garbage-first heap   total 61440K, used 39799K [0x00000000c4000000, 0x0000000100000000)
  region size 1024K, 34 young (34816K), 3 survivors (3072K)
 Metaspace       used 18182K, committed 18496K, reserved 1073152K
  class space    used 1771K, committed 1920K, reserved 1048576K
}
Event: 1.794 GC heap after
{Heap after GC invocations=4 (full 0):
 garbage-first heap   total 61440K, used 11229K [0x00000000c4000000, 0x0000000100000000)
  region size 1024K, 3 young (3072K), 3 survivors (3072K)
 Metaspace       used 18182K, committed 18496K, reserved 1073152K
  class space    used 1771K, committed 1920K, reserved 1048576K
}
Event: 2.174 GC heap before
{Heap before GC invocations=4 (full 0):
 garbage-first heap   total 61440K, used 28637K [0x00000000c4000000, 0x0000000100000000)
  region size 1024K, 21 young (21504K), 3 survivors (3072K)
 Metaspace       used 21102K, committed 21504K, reserved 1073152K
  class space    used 2146K, committed 2368K, reserved 1048576K
}
Event: 2.185 GC heap after
{Heap after GC invocations=5 (full 0):
 garbage-first heap   total 61440K, used 14140K [0x00000000c4000000, 0x0000000100000000)
  region size 1024K, 3 young (3072K), 3 survivors (3072K)
 Metaspace       used 21102K, committed 21504K, reserved 1073152K
  class space    used 2146K, committed 2368K, reserved 1048576K
}
Event: 3.026 GC heap before
{Heap before GC invocations=6 (full 0):
 garbage-first heap   total 51200K, used 40764K [0x00000000c4000000, 0x0000000100000000)
  region size 1024K, 30 young (30720K), 3 survivors (3072K)
 Metaspace       used 27769K, committed 28352K, reserved 1081344K
  class space    used 3013K, committed 3264K, reserved 1048576K
}
Event: 3.039 GC heap after
{Heap after GC invocations=7 (full 0):
 garbage-first heap   total 51200K, used 18707K [0x00000000c4000000, 0x0000000100000000)
  region size 1024K, 4 young (4096K), 4 survivors (4096K)
 Metaspace       used 27769K, committed 28352K, reserved 1081344K
  class space    used 3013K, committed 3264K, reserved 1048576K
}
Event: 3.268 GC heap before
{Heap before GC invocations=8 (full 0):
 garbage-first heap   total 51200K, used 36115K [0x00000000c4000000, 0x0000000100000000)
  region size 1024K, 22 young (22528K), 4 survivors (4096K)
 Metaspace       used 29032K, committed 29632K, reserved 1081344K
  class space    used 3222K, committed 3456K, reserved 1048576K
}
Event: 3.276 GC heap after
{Heap after GC invocations=9 (full 0):
 garbage-first heap   total 51200K, used 21084K [0x00000000c4000000, 0x0000000100000000)
  region size 1024K, 2 young (2048K), 2 survivors (2048K)
 Metaspace       used 29032K, committed 29632K, reserved 1081344K
  class space    used 3222K, committed 3456K, reserved 1048576K
}

